# JRE version: Java(TM) SE Runtime Environment (7.0_76-b13) (build 1.7.0_76-b13)
# Java VM: Java HotSpot(TM) 64-Bit Server VM (24.76-b04 mixed mode linux-amd64 compressed oops)
Heap
 PSYoungGen      total 35840K, used 22066K [0x00000000f6480000, 0x00000000f9e80000, 0x0000000100000000)
  eden space 30720K, 71% used [0x00000000f6480000,0x00000000f79eca88,0x00000000f8280000)
  from space 5120K, 2% used [0x00000000f8280000,0x00000000f82a0000,0x00000000f8780000)
  to   space 5120K, 0% used [0x00000000f9980000,0x00000000f9980000,0x00000000f9e80000)
 ParOldGen       total 19456K, used 12301K [0x00000000e2e00000, 0x00000000e4100000, 0x00000000f6480000)
  object space 19456K, 63% used [0x00000000e2e00000,0x00000000e3a03548,0x00000000e4100000)
 PSPermGen       total 23552K, used 23320K [0x00000000ddc00000, 0x00000000df300000, 0x00000000e2e00000)
  object space 23552K, 99% used [0x00000000ddc00000,0x00000000df2c62c8,0x00000000df300000)
GC Heap History (10 events):
Event: 21,729 GC heap before
{Heap before GC invocations=5 (full 0):
 PSYoungGen      total 17408K, used 17378K [0x00000000f6480000, 0x00000000f7680000, 0x0000000100000000)
  eden space 16384K, 100% used [0x00000000f6480000,0x00000000f7480000,0x00000000f7480000)
  from space 1024K, 97% used [0x00000000f7580000,0x00000000f7678830,0x00000000f7680000)
  to   space 1024K, 0% used [0x00000000f7480000,0x00000000f7480000,0x00000000f7580000)
 ParOldGen       total 19456K, used 8795K [0x00000000e2e00000, 0x00000000e4100000, 0x00000000f6480000)
  object space 19456K, 45% used [0x00000000e2e00000,0x00000000e3696d98,0x00000000e4100000)
 PSPermGen       total 23552K, used 23190K [0x00000000ddc00000, 0x00000000df300000, 0x00000000e2e00000)
  object space 23552K, 98% used [0x00000000ddc00000,0x00000000df2a5b08,0x00000000df300000)
Event: 21,735 GC heap after
Heap after GC invocations=5 (full 0):
 PSYoungGen      total 16896K, used 1008K [0x00000000f6480000, 0x00000000f7c00000, 0x0000000100000000)
  eden space 15872K, 0% used [0x00000000f6480000,0x00000000f6480000,0x00000000f7400000)
  from space 1024K, 98% used [0x00000000f7480000,0x00000000f757c010,0x00000000f7580000)
  to   space 4096K, 0% used [0x00000000f7800000,0x00000000f7800000,0x00000000f7c00000)
 ParOldGen       total 19456K, used 11243K [0x00000000e2e00000, 0x00000000e4100000, 0x00000000f6480000)
  object space 19456K, 57% used [0x00000000e2e00000,0x00000000e38faca8,0x00000000e4100000)
 PSPermGen       total 23552K, used 23190K [0x00000000ddc00000, 0x00000000df300000, 0x00000000e2e00000)
  object space 23552K, 98% used [0x00000000ddc00000,0x00000000df2a5b08,0x00000000df300000)
}
Event: 21,818 GC heap before
{Heap before GC invocations=6 (full 0):
 PSYoungGen      total 16896K, used 16880K [0x00000000f6480000, 0x00000000f7c00000, 0x0000000100000000)
  eden space 15872K, 100% used [0x00000000f6480000,0x00000000f7400000,0x00000000f7400000)
  from space 1024K, 98% used [0x00000000f7480000,0x00000000f757c010,0x00000000f7580000)
  to   space 4096K, 0% used [0x00000000f7800000,0x00000000f7800000,0x00000000f7c00000)
 ParOldGen       total 19456K, used 11243K [0x00000000e2e00000, 0x00000000e4100000, 0x00000000f6480000)
  object space 19456K, 57% used [0x00000000e2e00000,0x00000000e38faca8,0x00000000e4100000)
 PSPermGen       total 23552K, used 23193K [0x00000000ddc00000, 0x00000000df300000, 0x00000000e2e00000)
  object space 23552K, 98% used [0x00000000ddc00000,0x00000000df2a66a8,0x00000000df300000)
Event: 21,825 GC heap after
Heap after GC invocations=6 (full 0):
 PSYoungGen      total 19456K, used 1056K [0x00000000f6480000, 0x00000000f8c80000, 0x0000000100000000)
  eden space 15360K, 0% used [0x00000000f6480000,0x00000000f6480000,0x00000000f7380000)
  from space 4096K, 25% used [0x00000000f7800000,0x00000000f7908000,0x00000000f7c00000)
  to   space 4608K, 0% used [0x00000000f7380000,0x00000000f7380000,0x00000000f7800000)
 ParOldGen       total 19456K, used 11243K [0x00000000e2e00000, 0x00000000e4100000, 0x00000000f6480000)
  object space 19456K, 57% used [0x00000000e2e00000,0x00000000e38faca8,0x00000000e4100000)
 PSPermGen       total 23552K, used 23193K [0x00000000ddc00000, 0x00000000df300000, 0x00000000e2e00000)
  object space 23552K, 98% used [0x00000000ddc00000,0x00000000df2a66a8,0x00000000df300000)
}
Event: 21,895 GC heap before
{Heap before GC invocations=7 (full 0):
 PSYoungGen      total 19456K, used 16416K [0x00000000f6480000, 0x00000000f8c80000, 0x0000000100000000)
  eden space 15360K, 100% used [0x00000000f6480000,0x00000000f7380000,0x00000000f7380000)
  from space 4096K, 25% used [0x00000000f7800000,0x00000000f7908000,0x00000000f7c00000)
  to   space 4608K, 0% used [0x00000000f7380000,0x00000000f7380000,0x00000000f7800000)
 ParOldGen       total 19456K, used 11243K [0x00000000e2e00000, 0x00000000e4100000, 0x00000000f6480000)
  object space 19456K, 57% used [0x00000000e2e00000,0x00000000e38faca8,0x00000000e4100000)
 PSPermGen       total 23552K, used 23194K [0x00000000ddc00000, 0x00000000df300000, 0x00000000e2e00000)
  object space 23552K, 98% used [0x00000000ddc00000,0x00000000df2a69c8,0x00000000df300000)
Event: 21,900 GC heap after
Heap after GC invocations=7 (full 0):
 PSYoungGen      total 19968K, used 576K [0x00000000f6480000, 0x00000000f8c80000, 0x0000000100000000)
  eden space 15360K, 0% used [0x00000000f6480000,0x00000000f6480000,0x00000000f7380000)
  from space 4608K, 12% used [0x00000000f7380000,0x00000000f7410000,0x00000000f7800000)
  to   space 5120K, 0% used [0x00000000f8780000,0x00000000f8780000,0x00000000f8c80000)
 ParOldGen       total 19456K, used 11757K [0x00000000e2e00000, 0x00000000e4100000, 0x00000000f6480000)
  object space 19456K, 60% used [0x00000000e2e00000,0x00000000e397b538,0x00000000e4100000)
 PSPermGen       total 23552K, used 23194K [0x00000000ddc00000, 0x00000000df300000, 0x00000000e2e00000)
  object space 23552K, 98% used [0x00000000ddc00000,0x00000000df2a69c8,0x00000000df300000)
}
Event: 21,967 GC heap before
{Heap before GC invocations=8 (full 0):
 PSYoungGen      total 19968K, used 15936K [0x00000000f6480000, 0x00000000f8c80000, 0x0000000100000000)
  eden space 15360K, 100% used [0x00000000f6480000,0x00000000f7380000,0x00000000f7380000)
  from space 4608K, 12% used [0x00000000f7380000,0x00000000f7410000,0x00000000f7800000)
  to   space 5120K, 0% used [0x00000000f8780000,0x00000000f8780000,0x00000000f8c80000)
 ParOldGen       total 19456K, used 11757K [0x00000000e2e00000, 0x00000000e4100000, 0x00000000f6480000)
  object space 19456K, 60% used [0x00000000e2e00000,0x00000000e397b538,0x00000000e4100000)
 PSPermGen       total 23552K, used 23194K [0x00000000ddc00000, 0x00000000df300000, 0x00000000e2e00000)
  object space 23552K, 98% used [0x00000000ddc00000,0x00000000df2a69c8,0x00000000df300000)
Event: 21,969 GC heap after
Heap after GC invocations=8 (full 0):
 PSYoungGen      total 35840K, used 256K [0x00000000f6480000, 0x00000000f8c80000, 0x0000000100000000)
  eden space 30720K, 0% used [0x00000000f6480000,0x00000000f6480000,0x00000000f8280000)
  from space 5120K, 5% used [0x00000000f8780000,0x00000000f87c0000,0x00000000f8c80000)
  to   space 5120K, 0% used [0x00000000f8280000,0x00000000f8280000,0x00000000f8780000)
 ParOldGen       total 19456K, used 12109K [0x00000000e2e00000, 0x00000000e4100000, 0x00000000f6480000)
  object space 19456K, 62% used [0x00000000e2e00000,0x00000000e39d3548,0x00000000e4100000)
 PSPermGen       total 23552K, used 23194K [0x00000000ddc00000, 0x00000000df300000, 0x00000000e2e00000)
  object space 23552K, 98% used [0x00000000ddc00000,0x00000000df2a69c8,0x00000000df300000)
}
Event: 22,105 GC heap before
{Heap before GC invocations=9 (full 0):
 PSYoungGen      total 35840K, used 30976K [0x00000000f6480000, 0x00000000f8c80000, 0x0000000100000000)
  eden space 30720K, 100% used [0x00000000f6480000,0x00000000f8280000,0x00000000f8280000)
  from space 5120K, 5% used [0x00000000f8780000,0x00000000f87c0000,0x00000000f8c80000)
  to   space 5120K, 0% used [0x00000000f8280000,0x00000000f8280000,0x00000000f8780000)
 ParOldGen       total 19456K, used 12109K [0x00000000e2e00000, 0x00000000e4100000, 0x00000000f6480000)
  object space 19456K, 62% used [0x00000000e2e00000,0x00000000e39d3548,0x00000000e4100000)
 PSPermGen       total 23552K, used 23195K [0x00000000ddc00000, 0x00000000df300000, 0x00000000e2e00000)
  object space 23552K, 98% used [0x00000000ddc00000,0x00000000df2a6dd0,0x00000000df300000)
Event: 22,112 GC heap after
Heap after GC invocations=9 (full 0):
 PSYoungGen      total 35840K, used 128K [0x00000000f6480000, 0x00000000f9e80000, 0x0000000100000000)
  eden space 30720K, 0% used [0x00000000f6480000,0x00000000f6480000,0x00000000f8280000)
  from space 5120K, 2% used [0x00000000f8280000,0x00000000f82a0000,0x00000000f8780000)
  to   space 5120K, 0% used [0x00000000f9980000,0x00000000f9980000,0x00000000f9e80000)
 ParOldGen       total 19456K, used 12301K [0x00000000e2e00000, 0x00000000e4100000, 0x00000000f6480000)
  object space 19456K, 63% used [0x00000000e2e00000,0x00000000e3a03548,0x00000000e4100000)
 PSPermGen       total 23552K, used 23195K [0x00000000ddc00000, 0x00000000df300000, 0x00000000e2e00000)
  object space 23552K, 98% used [0x00000000ddc00000,0x00000000df2a6dd0,0x00000000df300000)
}

